# JRE version: OpenJDK Runtime Environment Temurin-17.0.2+8 (17.0.2+8) (build 17.0.2+8)
# Java VM: OpenJDK 64-Bit Server VM Temurin-17.0.2+8 (17.0.2+8, mixed mode, emulated-client, tiered, compressed oops, compressed class ptrs, g1 gc, windows-amd64)
GC Precious Log:
 CPUs: 12 total, 12 available
 Memory: 7399M
 Large Page Support: Disabled
 NUMA Support: Disabled
 Compressed Oops: Enabled (32-bit)
 Heap Region Size: 1M
 Heap Min Capacity: 8M
 Heap Initial Capacity: 116M
 Heap Max Capacity: 1850M
 Pre-touch: Disabled
 Parallel Workers: 10
 Concurrent Workers: 3
 Concurrent Refinement Workers: 10
 Periodic GC: Disabled
Heap:
 garbage-first heap   total 37888K, used 12778K [0x000000008c600000, 0x0000000100000000)
  region size 1024K, 1 young (1024K), 0 survivors (0K)
 Metaspace       used 31877K, committed 32256K, reserved 1081344K
  class space    used 4139K, committed 4288K, reserved 1048576K
GC Heap History (20 events):
Event: 7579.638 GC heap before
{Heap before GC invocations=748 (full 740):
 garbage-first heap   total 37888K, used 12778K [0x000000008c600000, 0x0000000100000000)
  region size 1024K, 1 young (1024K), 0 survivors (0K)
 Metaspace       used 31877K, committed 32256K, reserved 1081344K
  class space    used 4139K, committed 4288K, reserved 1048576K
}
Event: 7579.660 GC heap after
{Heap after GC invocations=749 (full 741):
 garbage-first heap   total 37888K, used 12778K [0x000000008c600000, 0x0000000100000000)
  region size 1024K, 0 young (0K), 0 survivors (0K)
 Metaspace       used 31877K, committed 32256K, reserved 1081344K
  class space    used 4139K, committed 4288K, reserved 1048576K
}
Event: 7589.820 GC heap before
{Heap before GC invocations=749 (full 741):
 garbage-first heap   total 37888K, used 12778K [0x000000008c600000, 0x0000000100000000)
  region size 1024K, 1 young (1024K), 0 survivors (0K)
 Metaspace       used 31877K, committed 32256K, reserved 1081344K
  class space    used 4139K, committed 4288K, reserved 1048576K
}
Event: 7589.841 GC heap after
{Heap after GC invocations=750 (full 742):
 garbage-first heap   total 37888K, used 12778K [0x000000008c600000, 0x0000000100000000)
  region size 1024K, 0 young (0K), 0 survivors (0K)
 Metaspace       used 31877K, committed 32256K, reserved 1081344K
  class space    used 4139K, committed 4288K, reserved 1048576K
}
Event: 7600.055 GC heap before
{Heap before GC invocations=750 (full 742):
 garbage-first heap   total 37888K, used 12778K [0x000000008c600000, 0x0000000100000000)
  region size 1024K, 1 young (1024K), 0 survivors (0K)
 Metaspace       used 31877K, committed 32256K, reserved 1081344K
  class space    used 4139K, committed 4288K, reserved 1048576K
}
Event: 7600.077 GC heap after
{Heap after GC invocations=751 (full 743):
 garbage-first heap   total 37888K, used 12778K [0x000000008c600000, 0x0000000100000000)
  region size 1024K, 0 young (0K), 0 survivors (0K)
 Metaspace       used 31877K, committed 32256K, reserved 1081344K
  class space    used 4139K, committed 4288K, reserved 1048576K
}
Event: 7610.280 GC heap before
{Heap before GC invocations=751 (full 743):
 garbage-first heap   total 37888K, used 12778K [0x000000008c600000, 0x0000000100000000)
  region size 1024K, 1 young (1024K), 0 survivors (0K)
 Metaspace       used 31877K, committed 32256K, reserved 1081344K
  class space    used 4139K, committed 4288K, reserved 1048576K
}
Event: 7610.300 GC heap after
{Heap after GC invocations=752 (full 744):
 garbage-first heap   total 37888K, used 12778K [0x000000008c600000, 0x0000000100000000)
  region size 1024K, 0 young (0K), 0 survivors (0K)
 Metaspace       used 31877K, committed 32256K, reserved 1081344K
  class space    used 4139K, committed 4288K, reserved 1048576K
}
Event: 7620.514 GC heap before
{Heap before GC invocations=752 (full 744):
 garbage-first heap   total 37888K, used 12778K [0x000000008c600000, 0x0000000100000000)
  region size 1024K, 1 young (1024K), 0 survivors (0K)
 Metaspace       used 31877K, committed 32256K, reserved 1081344K
  class space    used 4139K, committed 4288K, reserved 1048576K
}
Event: 7620.533 GC heap after
{Heap after GC invocations=753 (full 745):
 garbage-first heap   total 37888K, used 12778K [0x000000008c600000, 0x0000000100000000)
  region size 1024K, 0 young (0K), 0 survivors (0K)
 Metaspace       used 31877K, committed 32256K, reserved 1081344K
  class space    used 4139K, committed 4288K, reserved 1048576K
}
Event: 7630.779 GC heap before
{Heap before GC invocations=753 (full 745):
 garbage-first heap   total 37888K, used 12778K [0x000000008c600000, 0x0000000100000000)
  region size 1024K, 1 young (1024K), 0 survivors (0K)
 Metaspace       used 31877K, committed 32256K, reserved 1081344K
  class space    used 4139K, committed 4288K, reserved 1048576K
}
Event: 7630.806 GC heap after
{Heap after GC invocations=754 (full 746):
 garbage-first heap   total 37888K, used 12778K [0x000000008c600000, 0x0000000100000000)
  region size 1024K, 0 young (0K), 0 survivors (0K)
 Metaspace       used 31877K, committed 32256K, reserved 1081344K
  class space    used 4139K, committed 4288K, reserved 1048576K
}
Event: 7640.999 GC heap before
{Heap before GC invocations=754 (full 746):
 garbage-first heap   total 37888K, used 12778K [0x000000008c600000, 0x0000000100000000)
  region size 1024K, 1 young (1024K), 0 survivors (0K)
 Metaspace       used 31877K, committed 32256K, reserved 1081344K
  class space    used 4139K, committed 4288K, reserved 1048576K
}
Event: 7641.019 GC heap after
{Heap after GC invocations=755 (full 747):
 garbage-first heap   total 37888K, used 12778K [0x000000008c600000, 0x0000000100000000)
  region size 1024K, 0 young (0K), 0 survivors (0K)
 Metaspace       used 31877K, committed 32256K, reserved 1081344K
  class space    used 4139K, committed 4288K, reserved 1048576K
}
Event: 7651.206 GC heap before
{Heap before GC invocations=755 (full 747):
 garbage-first heap   total 37888K, used 12778K [0x000000008c600000, 0x0000000100000000)
  region size 1024K, 1 young (1024K), 0 survivors (0K)
 Metaspace       used 31877K, committed 32256K, reserved 1081344K
  class space    used 4139K, committed 4288K, reserved 1048576K
}
Event: 7651.226 GC heap after
{Heap after GC invocations=756 (full 748):
 garbage-first heap   total 37888K, used 12778K [0x000000008c600000, 0x0000000100000000)
  region size 1024K, 0 young (0K), 0 survivors (0K)
 Metaspace       used 31877K, committed 32256K, reserved 1081344K
  class space    used 4139K, committed 4288K, reserved 1048576K
}
Event: 7661.690 GC heap before
{Heap before GC invocations=756 (full 748):
 garbage-first heap   total 37888K, used 12778K [0x000000008c600000, 0x0000000100000000)
  region size 1024K, 1 young (1024K), 0 survivors (0K)
 Metaspace       used 31877K, committed 32256K, reserved 1081344K
  class space    used 4139K, committed 4288K, reserved 1048576K
}
Event: 7661.725 GC heap after
{Heap after GC invocations=757 (full 749):
 garbage-first heap   total 37888K, used 12778K [0x000000008c600000, 0x0000000100000000)
  region size 1024K, 0 young (0K), 0 survivors (0K)
 Metaspace       used 31877K, committed 32256K, reserved 1081344K
  class space    used 4139K, committed 4288K, reserved 1048576K
}
Event: 7671.888 GC heap before
{Heap before GC invocations=757 (full 749):
 garbage-first heap   total 37888K, used 12778K [0x000000008c600000, 0x0000000100000000)
  region size 1024K, 1 young (1024K), 0 survivors (0K)
 Metaspace       used 31877K, committed 32256K, reserved 1081344K
  class space    used 4139K, committed 4288K, reserved 1048576K
}
Event: 7671.909 GC heap after
{Heap after GC invocations=758 (full 750):
 garbage-first heap   total 37888K, used 12778K [0x000000008c600000, 0x0000000100000000)
  region size 1024K, 0 young (0K), 0 survivors (0K)
 Metaspace       used 31877K, committed 32256K, reserved 1081344K
  class space    used 4139K, committed 4288K, reserved 1048576K
}

